system          > callbacks > not registering frozen 'find_format_file'

open source     > 1 > 1 > cont-yes.mkiv

ConTeXt  ver: 2015.10.12 22:50 MKIV beta  fmt: 2015.10.12  int: english/english

system          > 'cont-new.mkiv' loaded
open source     > 2 > 2 > cont-new.mkiv
close source    > 2 > 2 > cont-new.mkiv
system          > 'cont-loc.mkiv' loaded
open source     > 2 > 3 > c:/data/develop/context/sources/cont-loc.mkiv
!!!!            > using dejavu-math in texmf-fonts
!!!!            > testing new mp function maketext
!!!!            > testing adapted side float parskip
!!!!            > testing mixed columns replacement
close source    > 2 > 3 > c:/data/develop/context/sources/cont-loc.mkiv
system          > 'cont-exp.mkiv' loaded
interface       > macros > processed mkvi file 'c:/data/develop/context/sources/cont-exp.mkiv', delta 0
interface       > macros > processed mkvi file 'c:/data/develop/context/sources/cont-exp.mkiv', delta 0
open source     > 2 > 4 > c:/data/develop/context/sources/cont-exp.mkiv
system          > beware: some patches loaded from cont-exp.mkiv
system          > beware: casing kern checker enabled
close source    > 2 > 4 > c:/data/develop/context/sources/cont-exp.mkiv
system          > files > jobname 's-inf-01', input './s-inf-01.mkvi', result 'status-files.pdf'
fonts           > latin modern fonts are not preloaded
languages       > language 'en' is active
interface       > macros > processed mkvi file 'c:/data/develop/context/texmf/tex/context/base/s-inf-01.mkvi', delta 130
interface       > macros > processed mkvi file 'c:/data/develop/context/texmf/tex/context/base/s-inf-01.mkvi', delta 0
open source     > 2 > 5 > c:/data/develop/context/texmf/tex/context/base/s-inf-01.mkvi
fonts           > preloading latin modern fonts (second stage)
fonts           > 'fallback modern-designsize rm 12pt' is loaded
backend         > xmp > using file 'lpdf-pdx.xml'
pages           > flushing realpage 1, userpage 1
pages           > flushing realpage 2, userpage 1
pages           > flushing realpage 3, userpage 1
pages           > flushing realpage 4, userpage 1
close source    > 2 > 5 > c:/data/develop/context/texmf/tex/context/base/s-inf-01.mkvi
close source    > 1 > 5 > cont-yes.mkiv

system          > structure > start used structure

used structure  > text: s-inf-01

system          > structure > stop used structure


system          > files > start used files

used file       >    1: filename=cont-yes.mkiv foundname=cont-yes.mkiv usedmethod=direct
used file       >    2: filename=publ-imp-default.lua foundname=publ-imp-default.lua usedmethod=direct
used file       >    3: filename=cont-new.mkiv foundname=cont-new.mkiv usedmethod=direct
used file       >    4: filename=cont-loc.mkiv filetype=tex foundname=c:/data/develop/context/sources/cont-loc.mkiv usedmethod=filesystem
used file       >    5: filename=cont-exp.mkiv filetype=tex foundname=c:/data/develop/context/sources/cont-exp.mkiv usedmethod=filesystem
used file       >    6: filename=lang-us.lua filetype=lua foundname=c:/data/develop/tex-context/tex/texmf-context/tex/context/patterns/lang-us.lua usedmethod=database
used file       >    7: filename=c:\data\develop\context\texmf\tex\context\base/s-inf-01.mkvi foundname=c:/data/develop/context/texmf/tex/context/base/s-inf-01.mkvi usedmethod=direct
used file       >    8: filename=lm.lfg filetype=tex foundname=c:/data/develop/context/sources/lm.lfg usedmethod=filesystem
used file       >    9: filename=lmroman12-regular filetype=otf format=otf foundname=c:/data/develop/tex-context/tex/texmf/fonts/opentype/public/lm/lmroman12-regular.otf usedmethod=database
used file       >   10: filename=lmroman12-regular.otf filetype=opentypefonts foundname=c:/data/develop/tex-context/tex/texmf/fonts/opentype/public/lm/lmroman12-regular.otf usedmethod=database
used file       >   11: filename=latinmodern-math.otf filetype=opentypefonts foundname=c:/data/develop/tex-context/tex/texmf/fonts/opentype/public/lm-math/latinmodern-math.otf usedmethod=database
used file       >   12: filename=lmmono12-regular filetyp