open source     > level 1, order 1, name 'cont-yes.mkiv'
system          > 
system          > ConTeXt  ver: 2019.05.07 17:08 MKIV beta  fmt: 2019.5.7  int: english/english
system          > 
system          > 'cont-new.mkiv' loaded
open source     > level 2, order 2, name 'c:/data/develop/context/sources/cont-new.mkiv'
system          > beware: some patches loaded from cont-new.mkiv
close source    > level 2, order 2, name 'c:/data/develop/context/sources/cont-new.mkiv'
system          > 'cont-loc.mkiv' loaded
open source     > level 2, order 3, name 'c:/data/develop/context/sources/cont-loc.mkiv'
close source    > level 2, order 3, name 'c:/data/develop/context/sources/cont-loc.mkiv'
system          > 'cont-exp.mkiv' loaded
interface       > macros > processed mkvi file 'c:/data/develop/context/sources/cont-exp.mkiv', delta 0
interface       > macros > processed mkvi file 'c:/data/develop/context/sources/cont-exp.mkiv', delta 0
open source     > level 2, order 4, name 'c:/data/develop/context/sources/cont-exp.mkiv'
open source     > level 3, order 5, name 'syst-lmt.mkiv'
close source    > level 3, order 5, name 'syst-lmt.mkiv'
system          > beware: experimental rule stuff loaded
system          > beware: some patches loaded from cont-exp.mkiv
close source    > level 2, order 5, name 'c:/data/develop/context/sources/cont-exp.mkiv'
system          > files > jobname 'readme', input './readme', result 'readme'
fonts           > latin modern fonts are not preloaded
languages       > language 'en' is active
open source     > level 2, order 6, name './readme.tex'
modules         > 'abbreviations-logos' is loaded
open source     > level 3, order 7, name 'c:/data/develop/context/sources/s-abbreviations-logos.tex'
close source    > level 3, order 7, name 'c:/data/develop/context/sources/s-abbreviations-logos.tex'
modules         > 'article-basic' is loaded
open source     > level 3, order 8, name 'c:/data/develop/context/sources/s-article-basic.mkiv'
open source     > level 4, order 9, name 'c:/data/develop/context/sources/type-imp-dejavu.mkiv'
close source    > level 4, order 9, name 'c:/data/develop/context/sources/type-imp-dejavu.mkiv'
close source    > level 3, order 9, name 'c:/data/develop/context/sources/s-article-basic.mkiv'
structure       > sectioning > title @ level 2 : 0.0 -> Welcome
backend         > xmp > using file 'c:/data/develop/context/sources/lpdf-pdx.xml'
pages           > flushing realpage 1, userpage 1, subpage 1, total 0.609, page 0.609, average 0.609
close source    > level 2, order 9, name './readme.tex'
close source    > level 1, order 9, name 'cont-yes.mkiv'

system          > start used files

system          > text: readme

system          > stop used files


system          > start used files

system          >    1: filename=char-prv.lua filetype=tex format=tex foundname=c:/data/develop/context/sources/char-prv.lua fullname=c:/data/develop/context/sources/char-prv.lua usedmethod=filesystem
system          >    2: filename=cont-yes.mkiv filetype=tex format=tex foundname=c:/data/develop/context/sources/cont-yes.mkiv fullname=c:/data/develop/context/sources/cont-yes.mkiv usedmethod=filesystem
system          >    3: filename=publ-imp-default.lua filetype=scripts foundname=c:/data/develop/context/sources/publ-imp-default.lua fullname=c:/data/develop/context/sources/publ-imp-default.lua usedmethod=filesystem
system          >    4: filename=cont-new.mkiv filetype=tex foundname=c:/data/develop/context/sources/cont-new.mkiv fullname=c:/data/develop/context/sources/cont-new.mkiv usedmethod=filesystem
system          >    5: filename=cont-loc.mkiv filetype=tex foundname=c:/data/develop/context/sources/cont-loc.mkiv fullname=c:/data/develop/context/sources/cont-loc.mkiv usedmethod=filesystem
system          >    6: filename=cont-exp.mkiv filetype=tex foundname=c:/data/develop/context/sources/cont-exp.mkiv fullname=c:/data/develop/context/sources/cont-exp.mkiv usedmethod=filesystem
system          >    7: filename=syst-lmt.mkiv filetype=tex format=tex foundname=c:/data/develop/context/sources/syst-lmt.mkiv fullname=c:/data/develop/context/sources/syst-lmt.mkiv usedmethod=filesystem
system          >    8: filename=lang-exc.lua filetype=scripts foundname=c:/data/develop/context/sources/lang-exc.lua fullname=c:/data/develop/context/sources/lang-exc.lua usedmethod=filesystem
system          >    9: filename=lang-us.lua filetype=scripts foundname=c:/data/develop/tex-context/tex/texmf-context/tex/context/patterns/mkiv/lang-us.lua fullname=c:/data/develop/tex-context/tex/texmf-context/tex/context/patterns/mkiv/lang-us.lua usedmethod=database
system          >   10: filename=C:\data\develop\luatex\luatex-lmtx-export\source/readme.tex format=tex foundname=C:/data/develop/luatex/luatex-lmtx-export/source/readme.tex fullname=C:/data/develop/luatex/luatex-lmtx-export/source/readme.tex usedmethod=direct
system          >   11: filename=s-abbreviations-logos.tex filetype=tex foundname=c:/data/develop/context/sources/s-abbreviations-logos.tex fullname=c:/data/develop/context/sources/s-abbreviations-logos.tex usedmethod=filesystem
system          >   12: filename=s-article-basic.mkiv filetype=tex foundname=c:/data/develop/context/sources/s-article-basic.mkiv fullname=c:/data/develop/context/sources/s-article-basic.mkiv usedmethod=filesystem
system          >   13: filename=type-imp-dejavu.mkiv filetype=tex foundname=c:/data/develop/context/sources/type-imp-dejavu.mkiv fullname=c:/data/develop/context/sources/type-imp-dejavu.mkiv usedmethod=filesystem
system          >   14: filename=dejavu-math.lfg filetype=tex foundname=c:/data/develop/context/sources/dejavu-math.lfg fullname=c:/data/develop/context/sources/dejavu-math.lfg usedmethod=filesystem
system          >   15: filename=DejaVuSerif.ttf filetype=ttf format=ttf foundname=c:/data/develop/tex-context/tex/texmf/fonts/truetype/public/dejavu/DejaVuSerif.ttf fullname=c:/data/develop/tex-context/tex/texmf/fonts/truetype/public/dejavu/DejaVuSerif.ttf usedmethod=database
system          >   16: filename=texgyredejavu-math filetype=otf format=otf foundname=c:/data/develop/tex-context/tex/texmf/fonts/opentype/public/tex-gyre-math/texgyredejavu-math.otf fullname=c:/data/develop/tex-context/tex/texmf/fonts/opentype/public/tex-gyre-math/texgyredejavu-math.otf usedmethod=database
system          >   17: filename=schola-math.lfg filetype=tex foundname=c:/data/develop/context/sources/schola-math.lfg fullname=c:/data/develop/context/sources/schola-math.lfg usedmethod=filesystem
system          >   18: filename=DejaVuSerif-Bold.ttf filetype=ttf format=ttf foundname=c:/data/develop/tex-context/tex/texmf/fonts/truetype/public/dejavu/DejaVuSerif-Bold.ttf fullname=c:/data/develop/tex-context/tex/texmf/fonts/truetype/public/dejavu/DejaVuSerif-Bold.ttf usedmethod=database
system          >   19: filename=DejaVuSansMono.ttf filetype=ttf format=ttf foundname=c:/data/develop/tex-context/tex/texmf/fonts/truetype/public/dejavu/DejaVuSansMono.ttf fullname=c:/data/develop/tex-context/tex/texmf/fonts/truetype/public/dejavu/DejaVuSansMono.ttf usedmethod=database
system          >   20: filename=lpdf-pdx.xml filetype=tex foundname=c:/data/develop/context/sources/lpdf-pdx.xml fullname=c:/data/develop/context/sources/lpdf-pdx.xml usedmethod=filesystem

system          > stop used files


system          > start commandline options

system          > autopdf="true"
system          > currentrun="1"
system          > fulljobname="./readme.tex"
system          > input="./readme.tex"
system          > kindofrun="1"
system          > maxnofruns="9"
system          > texmfbinpath="c:/data/develop/tex-context/tex/texmf-win64/bin"

system          > stop commandline options


system          > start commandline files

system          >    1: ./readme.tex

system          > stop commandline files


modules         > start used modules

modules         > loaded : *-abbreviations-logos
modules         > loaded : *-article-basic

modules         > stop used modules


mkiv lua stats  > used config file: selfautoparent:/texmf-local/web2c/texmfcnf.lua;selfautoparent:/texmf/web2c/texmfcnf.lua
mkiv lua stats  > used cache path: c:/data/develop/tex-context/tex/texmf-cache/luatex-cache/context/764bd4e1ce0f004ab3cec90018f8b80a
mkiv lua stats  > resource resolver: loadtime 0.027 seconds, 0 scans with scantime 0.000 seconds, 0 shared scans, 20 found files, scanned paths: <none>
mkiv lua stats  > stored bytecode data: 455 modules (0.261 sec), 93 tables (0.011 sec), 548 chunks (0.272 sec)
mkiv lua stats  > traced context: maxstack: 1384, freed: 0, unreachable: 1384
mkiv lua stats  > cleaned up reserved nodes: 54 nodes, 9 lists of 441
mkiv lua stats  > node memory usage: 2 whatsit, 1 glue, 3 kern, 2 penalty, 11 attribute, 50 glue_spec, 4 attribute_list, 2 temp
mkiv lua stats  > node list callback tasks: 8 unique task lists, 7 instances (re)created, 240 calls
mkiv lua stats  > used backend: lmtx version 0.10, pdf (backend for directly generating pdf output)
mkiv lua stats  > jobdata time: 0.010 seconds saving, 0.002 seconds loading
mkiv lua stats  > callbacks: internal: 534, file: 1426, direct: 2, late: 1, function 1043, total: 3006
mkiv lua stats  > randomizer: resumed with value 0.012007135547751
mkiv lua stats  > loaded tex modules: 2 requested, all found (*-abbreviations-logos *-article-basic)
mkiv lua stats  > result saved in file: readme.pdf, compresslevel 3, objectcompresslevel 1
mkiv lua stats  > loaded patterns: en::1, load time: 0.000
mkiv lua stats  > loaded fonts: 4 files: texgyredejavu-math.otf, dejavusansmono.ttf, dejavuserif-bold.ttf, dejavuserif.ttf
mkiv lua stats  > font engine: otf 3.108, afm 1.513, tfm 1.000, 9 instances, 3 shared in backend, 3 common vectors, 0 common hashes, load time 0.274 seconds 
mkiv lua stats  > font embedding time: 0.025 seconds, 3 fonts
mkiv lua stats  > used platform: win64, type: windows, binary subtree: texmf-win64
mkiv lua stats  > used engine: luametatex version 2.0 with functionality level 7079, banner: this is luametatex, version 2.00.0
mkiv lua stats  > control sequences: 45552 of 65536 + 100000
mkiv lua stats  > lua properties: engine: lua 5.4, used memory: 61 MB (ctx: 60 MB), hash chars: min(64,40), symbol mask: ascii (tex)
mkiv lua stats  > runtime: 0.723 seconds, 1 processed pages, 1 shipped pages, 1.383 pages/second

